ÔÜá Warning: Next.js inferred your workspace root, but it may not be correct.
 We detected multiple lockfiles and selected the directory of C:\Users\marco\package-lock.json as the root directory.
 To silence this warning, set `turbopack.root` in your Next.js config, or consider removing one of the lockfiles if it's not needed.
   See https://nextjs.org/docs/app/api-reference/config/next-config-js/turbopack#root-directory for more information.
 Detected additional lockfiles: 
   * C:\Users\marco\OneDrive\Documentos\Ninho Lar\package-lock.json

Ôû▓ Next.js 16.1.6 (Turbopack)
- Environments: .env.local

  Creating an optimized production build ...
Ô£ô Compiled successfully in 63s
  Running TypeScript ...
Failed to compile.

./src/app/admin/whatsapp/page.tsx:630:18
Type error: This comparison appears to be unintentional because the types '"campaigns" | "groups" | "connection"' and '"bags"' have no overlap.

  628 |
  629 |                 {/* Bags Tab content */}
> 630 |                 {activeTab === "bags" && (
      |                  ^
  631 |                     <div className="space-y-6">
  632 |                         <div className="flex justify-between items-center bg-white p-6 rounded-[2rem] shadow-sm border border-white">
  633 |                             <div>
Next.js build worker exited with code: 1 and signal: null
